{
  "seleniumLog": [
    {
      "commandName": "launch",
      "args": [
        "[]"
      ],
      "result": "success",
      "subLogs": [
        {
          "commandName": "getCurrentWindowHandle",
          "args": [
            "{}"
          ],
          "result": "CDwindow-2d7871c0-8f5f-487f-89d8-2b4aab6f37a7",
          "subLogs": [],
          "duration": 0
        },
        {
          "commandName": "getCurrentWindowHandle",
          "args": [
            "{}"
          ],
          "result": "CDwindow-2d7871c0-8f5f-487f-89d8-2b4aab6f37a7",
          "subLogs": [],
          "duration": 15
        },
        {
          "commandName": "get",
          "args": [
            "{url=http://www.makemytrip.com/}"
          ],
          "result": "null",
          "subLogs": [],
          "duration": 5405
        },
        {
          "commandName": "maximizeWindow",
          "args": [
            "{windowHandle=current}"
          ],
          "result": "null",
          "subLogs": [],
          "duration": 1176
        }
      ],
      "duration": -1
    },
    {
      "commandName": "clickonfromcity",
      "args": [
        "[]"
      ],
      "result": "success",
      "subLogs": [
        {
          "commandName": "getCurrentWindowHandle",
          "args": [
            "{}"
          ],
          "result": "CDwindow-2d7871c0-8f5f-487f-89d8-2b4aab6f37a7",
          "subLogs": [],
          "duration": 15
        },
        {
          "commandName": "getCurrentWindowHandle",
          "args": [
            "{}"
          ],
          "result": "CDwindow-2d7871c0-8f5f-487f-89d8-2b4aab6f37a7",
          "subLogs": [],
          "duration": 15
        },
        {
          "commandName": "findElement",
          "args": [
            "{value=#hp-widget__sfrom, using=css selector}"
          ],
          "result": "id: 0.19357804547790436-1",
          "subLogs": [],
          "duration": 31
        },
        {
          "commandName": "clickElement",
          "args": [
            "By.cssSelector: #hp-widget__sfrom",
            "{\"id\":\"0.19357804547790436-1\"}"
          ],
          "result": "clickElement:null",
          "subLogs": [],
          "duration": 164
        }
      ],
      "duration": -1
    },
    {
      "commandName": "selectfromcity",
      "args": [
        "[]"
      ],
      "result": "success",
      "subLogs": [
        {
          "commandName": "getCurrentWindowHandle",
          "args": [
            "{}"
          ],
          "result": "CDwindow-2d7871c0-8f5f-487f-89d8-2b4aab6f37a7",
          "subLogs": [],
          "duration": 10
        },
        {
          "commandName": "getCurrentWindowHandle",
          "args": [
            "{}"
          ],
          "result": "CDwindow-2d7871c0-8f5f-487f-89d8-2b4aab6f37a7",
          "subLogs": [],
          "duration": 7
        },
        {
          "commandName": "findElement",
          "args": [
            "{value=#hp-widget__sfrom, using=css selector}"
          ],
          "result": "id: 0.19357804547790436-1",
          "subLogs": [],
          "duration": 44
        },
        {
          "commandName": "sendKeysToElement",
          "args": [
            "By.cssSelector: #hp-widget__sfrom",
            "{\"id\":\"0.19357804547790436-1\",\"value\":[{}]}"
          ],
          "result": "sendKeysToElement:null",
          "subLogs": [],
          "duration": 55
        }
      ],
      "duration": -1
    },
    {
      "commandName": "selecttocity",
      "args": [
        "[]"
      ],
      "result": "fail",
      "subLogs": [
        {
          "commandName": "getCurrentWindowHandle",
          "args": [
            "{}"
          ],
          "result": "CDwindow-2d7871c0-8f5f-487f-89d8-2b4aab6f37a7",
          "subLogs": [],
          "duration": 8
        },
        {
          "commandName": "getCurrentWindowHandle",
          "args": [
            "{}"
          ],
          "result": "CDwindow-2d7871c0-8f5f-487f-89d8-2b4aab6f37a7",
          "subLogs": [],
          "duration": 3
        },
        {
          "commandName": "findElement",
          "args": [
            "{value=.//*[@id='ui-id-1216']/div/p[1]/span[2], using=xpath}"
          ],
          "result": "no such element: Unable to locate element: {\"method\":\"xpath\",\"selector\":\".//*[@id='ui-id-1216']/div/p[1]/span[2]\"}\n  (Session info: chrome=56.0.2924.87)\n  (Driver info: chromedriver=2.28.455520 (cc17746adff54984afff480136733114c6b3704b),platform=Windows NT 6.2.9200 x86_64) (WARNING: The server did not provide any stacktrace information)\nCommand duration or timeout: 47 milliseconds\nFor documentation on this error, please visit: http://seleniumhq.org/exceptions/no_such_element.html\nBuild info: version: '2.53.1', revision: 'a36b8b1cd5757287168e54b817830adce9b0158d', time: '2016-06-30 19:26:09'\nSystem info: host: 'ICPL11465', ip: '10.11.31.36', os.name: 'Windows 8', os.arch: 'amd64', os.version: '6.2', java.version: '1.8.0_121'\nDriver info: com.qmetry.qaf.automation.ui.webdriver.QAFExtendedWebDriver\nCapabilities [{applicationCacheEnabled=false, rotatable=false, mobileEmulationEnabled=false, networkConnectionEnabled=false, chrome={chromedriverVersion=2.28.455520 (cc17746adff54984afff480136733114c6b3704b), userDataDir=C:\\Users\\SATISH~1.GAR\\AppData\\Local\\Temp\\scoped_dir4780_6867}, takesHeapSnapshot=true, pageLoadStrategy=normal, databaseEnabled=false, handlesAlerts=true, hasTouchScreen=false, version=56.0.2924.87, platform=WIN8, browserConnectionEnabled=false, nativeEvents=true, acceptSslCerts=true, locationContextEnabled=true, webStorageEnabled=true, browserName=chrome, takesScreenshot=true, javascriptEnabled=true, cssSelectorsEnabled=true, unexpectedAlertBehaviour=}]\nSession ID: ae7fcd996e2ec88e90ea9e2b28b60abe\n*** Element info: {Using=xpath, value=.//*[@id='ui-id-1216']/div/p[1]/span[2]}",
          "subLogs": [],
          "duration": 48
        },
        {
          "commandName": "findElement",
          "args": [
            "{value=.//*[@id='ui-id-1216']/div/p[1]/span[2], using=xpath}"
          ],
          "result": "no such element: Unable to locate element: {\"method\":\"xpath\",\"selector\":\".//*[@id='ui-id-1216']/div/p[1]/span[2]\"}\n  (Session info: chrome=56.0.2924.87)\n  (Driver info: chromedriver=2.28.455520 (cc17746adff54984afff480136733114c6b3704b),platform=Windows NT 6.2.9200 x86_64) (WARNING: The server did not provide any stacktrace information)\nCommand duration or timeout: 16 milliseconds\nFor documentation on this error, please visit: http://seleniumhq.org/exceptions/no_such_element.html\nBuild info: version: '2.53.1', revision: 'a36b8b1cd5757287168e54b817830adce9b0158d', time: '2016-06-30 19:26:09'\nSystem info: host: 'ICPL11465', ip: '10.11.31.36', os.name: 'Windows 8', os.arch: 'amd64', os.version: '6.2', java.version: '1.8.0_121'\nDriver info: com.qmetry.qaf.automation.ui.webdriver.QAFExtendedWebDriver\nCapabilities [{applicationCacheEnabled=false, rotatable=false, mobileEmulationEnabled=false, networkConnectionEnabled=false, chrome={chromedriverVersion=2.28.455520 (cc17746adff54984afff480136733114c6b3704b), userDataDir=C:\\Users\\SATISH~1.GAR\\AppData\\Local\\Temp\\scoped_dir4780_6867}, takesHeapSnapshot=true, pageLoadStrategy=normal, databaseEnabled=false, handlesAlerts=true, hasTouchScreen=false, version=56.0.2924.87, platform=WIN8, browserConnectionEnabled=false, nativeEvents=true, acceptSslCerts=true, locationContextEnabled=true, webStorageEnabled=true, browserName=chrome, takesScreenshot=true, javascriptEnabled=true, cssSelectorsEnabled=true, unexpectedAlertBehaviour=}]\nSession ID: ae7fcd996e2ec88e90ea9e2b28b60abe\n*** Element info: {Using=xpath, value=.//*[@id='ui-id-1216']/div/p[1]/span[2]}",
          "subLogs": [],
          "duration": 16
        },
        {
          "commandName": "findElement",
          "args": [
            "{value=.//*[@id='ui-id-1216']/div/p[1]/span[2], using=xpath}"
          ],
          "result": "no such element: Unable to locate element: {\"method\":\"xpath\",\"selector\":\".//*[@id='ui-id-1216']/div/p[1]/span[2]\"}\n  (Session info: chrome=56.0.2924.87)\n  (Driver info: chromedriver=2.28.455520 (cc17746adff54984afff480136733114c6b3704b),platform=Windows NT 6.2.9200 x86_64) (WARNING: The server did not provide any stacktrace information)\nCommand duration or timeout: 16 milliseconds\nFor documentation on this error, please visit: http://seleniumhq.org/exceptions/no_such_element.html\nBuild info: version: '2.53.1', revision: 'a36b8b1cd5757287168e54b817830adce9b0158d', time: '2016-06-30 19:26:09'\nSystem info: host: 'ICPL11465', ip: '10.11.31.36', os.name: 'Windows 8', os.arch: 'amd64', os.version: '6.2', java.version: '1.8.0_121'\nDriver info: com.qmetry.qaf.automation.ui.webdriver.QAFExtendedWebDriver\nCapabilities [{applicationCacheEnabled=false, rotatable=false, mobileEmulationEnabled=false, networkConnectionEnabled=false, chrome={chromedriverVersion=2.28.455520 (cc17746adff54984afff480136733114c6b3704b), userDataDir=C:\\Users\\SATISH~1.GAR\\AppData\\Local\\Temp\\scoped_dir4780_6867}, takesHeapSnapshot=true, pageLoadStrategy=normal, databaseEnabled=false, handlesAlerts=true, hasTouchScreen=false, version=56.0.2924.87, platform=WIN8, browserConnectionEnabled=false, nativeEvents=true, acceptSslCerts=true, locationContextEnabled=true, webStorageEnabled=true, browserName=chrome, takesScreenshot=true, javascriptEnabled=true, cssSelectorsEnabled=true, unexpectedAlertBehaviour=}]\nSession ID: ae7fcd996e2ec88e90ea9e2b28b60abe\n*** Element info: {Using=xpath, value=.//*[@id='ui-id-1216']/div/p[1]/span[2]}",
          "subLogs": [],
          "duration": 16
        },
        {
          "commandName": "findElement",
          "args": [
            "{value=.//*[@id='ui-id-1216']/div/p[1]/span[2], using=xpath}"
          ],
          "result": "no such element: Unable to locate element: {\"method\":\"xpath\",\"selector\":\".//*[@id='ui-id-1216']/div/p[1]/span[2]\"}\n  (Session info: chrome=56.0.2924.87)\n  (Driver info: chromedriver=2.28.455520 (cc17746adff54984afff480136733114c6b3704b),platform=Windows NT 6.2.9200 x86_64) (WARNING: The server did not provide any stacktrace information)\nCommand duration or timeout: 33 milliseconds\nFor documentation on this error, please visit: http://seleniumhq.org/exceptions/no_such_element.html\nBuild info: version: '2.53.1', revision: 'a36b8b1cd5757287168e54b817830adce9b0158d', time: '2016-06-30 19:26:09'\nSystem info: host: 'ICPL11465', ip: '10.11.31.36', os.name: 'Windows 8', os.arch: 'amd64', os.version: '6.2', java.version: '1.8.0_121'\nDriver info: com.qmetry.qaf.automation.ui.webdriver.QAFExtendedWebDriver\nCapabilities [{applicationCacheEnabled=false, rotatable=false, mobileEmulationEnabled=false, networkConnectionEnabled=false, chrome={chromedriverVersion=2.28.455520 (cc17746adff54984afff480136733114c6b3704b), userDataDir=C:\\Users\\SATISH~1.GAR\\AppData\\Local\\Temp\\scoped_dir4780_6867}, takesHeapSnapshot=true, pageLoadStrategy=normal, databaseEnabled=false, handlesAlerts=true, hasTouchScreen=false, version=56.0.2924.87, platform=WIN8, browserConnectionEnabled=false, nativeEvents=true, acceptSslCerts=true, locationContextEnabled=true, webStorageEnabled=true, browserName=chrome, takesScreenshot=true, javascriptEnabled=true, cssSelectorsEnabled=true, unexpectedAlertBehaviour=}]\nSession ID: ae7fcd996e2ec88e90ea9e2b28b60abe\n*** Element info: {Using=xpath, value=.//*[@id='ui-id-1216']/div/p[1]/span[2]}",
          "subLogs": [],
          "duration": 33
        },
        {
          "commandName": "findElement",
          "args": [
            "{value=.//*[@id='ui-id-1216']/div/p[1]/span[2], using=xpath}"
          ],
          "result": "no such element: Unable to locate element: {\"method\":\"xpath\",\"selector\":\".//*[@id='ui-id-1216']/div/p[1]/span[2]\"}\n  (Session info: chrome=56.0.2924.87)\n  (Driver info: chromedriver=2.28.455520 (cc17746adff54984afff480136733114c6b3704b),platform=Windows NT 6.2.9200 x86_64) (WARNING: The server did not provide any stacktrace information)\nCommand duration or timeout: 24 milliseconds\nFor documentation on this error, please visit: http://seleniumhq.org/exceptions/no_such_element.html\nBuild info: version: '2.53.1', revision: 'a36b8b1cd5757287168e54b817830adce9b0158d', time: '2016-06-30 19:26:09'\nSystem info: host: 'ICPL11465', ip: '10.11.31.36', os.name: 'Windows 8', os.arch: 'amd64', os.version: '6.2', java.version: '1.8.0_121'\nDriver info: com.qmetry.qaf.automation.ui.webdriver.QAFExtendedWebDriver\nCapabilities [{applicationCacheEnabled=false, rotatable=false, mobileEmulationEnabled=false, networkConnectionEnabled=false, chrome={chromedriverVersion=2.28.455520 (cc17746adff54984afff480136733114c6b3704b), userDataDir=C:\\Users\\SATISH~1.GAR\\AppData\\Local\\Temp\\scoped_dir4780_6867}, takesHeapSnapshot=true, pageLoadStrategy=normal, databaseEnabled=false, handlesAlerts=true, hasTouchScreen=false, version=56.0.2924.87, platform=WIN8, browserConnectionEnabled=false, nativeEvents=true, acceptSslCerts=true, locationContextEnabled=true, webStorageEnabled=true, browserName=chrome, takesScreenshot=true, javascriptEnabled=true, cssSelectorsEnabled=true, unexpectedAlertBehaviour=}]\nSession ID: ae7fcd996e2ec88e90ea9e2b28b60abe\n*** Element info: {Using=xpath, value=.//*[@id='ui-id-1216']/div/p[1]/span[2]}",
          "subLogs": [],
          "duration": 25
        },
        {
          "commandName": "findElement",
          "args": [
            "{value=.//*[@id='ui-id-1216']/div/p[1]/span[2], using=xpath}"
          ],
          "result": "no such element: Unable to locate element: {\"method\":\"xpath\",\"selector\":\".//*[@id='ui-id-1216']/div/p[1]/span[2]\"}\n  (Session info: chrome=56.0.2924.87)\n  (Driver info: chromedriver=2.28.455520 (cc17746adff54984afff480136733114c6b3704b),platform=Windows NT 6.2.9200 x86_64) (WARNING: The server did not provide any stacktrace information)\nCommand duration or timeout: 25 milliseconds\nFor documentation on this error, please visit: http://seleniumhq.org/exceptions/no_such_element.html\nBuild info: version: '2.53.1', revision: 'a36b8b1cd5757287168e54b817830adce9b0158d', time: '2016-06-30 19:26:09'\nSystem info: host: 'ICPL11465', ip: '10.11.31.36', os.name: 'Windows 8', os.arch: 'amd64', os.version: '6.2', java.version: '1.8.0_121'\nDriver info: com.qmetry.qaf.automation.ui.webdriver.QAFExtendedWebDriver\nCapabilities [{applicationCacheEnabled=false, rotatable=false, mobileEmulationEnabled=false, networkConnectionEnabled=false, chrome={chromedriverVersion=2.28.455520 (cc17746adff54984afff480136733114c6b3704b), userDataDir=C:\\Users\\SATISH~1.GAR\\AppData\\Local\\Temp\\scoped_dir4780_6867}, takesHeapSnapshot=true, pageLoadStrategy=normal, databaseEnabled=false, handlesAlerts=true, hasTouchScreen=false, version=56.0.2924.87, platform=WIN8, browserConnectionEnabled=false, nativeEvents=true, acceptSslCerts=true, locationContextEnabled=true, webStorageEnabled=true, browserName=chrome, takesScreenshot=true, javascriptEnabled=true, cssSelectorsEnabled=true, unexpectedAlertBehaviour=}]\nSession ID: ae7fcd996e2ec88e90ea9e2b28b60abe\n*** Element info: {Using=xpath, value=.//*[@id='ui-id-1216']/div/p[1]/span[2]}",
          "subLogs": [],
          "duration": 26
        },
        {
          "commandName": "findElement",
          "args": [
            "{value=.//*[@id='ui-id-1216']/div/p[1]/span[2], using=xpath}"
          ],
          "result": "no such element: Unable to locate element: {\"method\":\"xpath\",\"selector\":\".//*[@id='ui-id-1216']/div/p[1]/span[2]\"}\n  (Session info: chrome=56.0.2924.87)\n  (Driver info: chromedriver=2.28.455520 (cc17746adff54984afff480136733114c6b3704b),platform=Windows NT 6.2.9200 x86_64) (WARNING: The server did not provide any stacktrace information)\nCommand duration or timeout: 17 milliseconds\nFor documentation on this error, please visit: http://seleniumhq.org/exceptions/no_such_element.html\nBuild info: version: '2.53.1', revision: 'a36b8b1cd5757287168e54b817830adce9b0158d', time: '2016-06-30 19:26:09'\nSystem info: host: 'ICPL11465', ip: '10.11.31.36', os.name: 'Windows 8', os.arch: 'amd64', os.version: '6.2', java.version: '1.8.0_121'\nDriver info: com.qmetry.qaf.automation.ui.webdriver.QAFExtendedWebDriver\nCapabilities [{applicationCacheEnabled=false, rotatable=false, mobileEmulationEnabled=false, networkConnectionEnabled=false, chrome={chromedriverVersion=2.28.455520 (cc17746adff54984afff480136733114c6b3704b), userDataDir=C:\\Users\\SATISH~1.GAR\\AppData\\Local\\Temp\\scoped_dir4780_6867}, takesHeapSnapshot=true, pageLoadStrategy=normal, databaseEnabled=false, handlesAlerts=true, hasTouchScreen=false, version=56.0.2924.87, platform=WIN8, browserConnectionEnabled=false, nativeEvents=true, acceptSslCerts=true, locationContextEnabled=true, webStorageEnabled=true, browserName=chrome, takesScreenshot=true, javascriptEnabled=true, cssSelectorsEnabled=true, unexpectedAlertBehaviour=}]\nSession ID: ae7fcd996e2ec88e90ea9e2b28b60abe\n*** Element info: {Using=xpath, value=.//*[@id='ui-id-1216']/div/p[1]/span[2]}",
          "subLogs": [],
          "duration": 17
        },
        {
          "commandName": "findElement",
          "args": [
            "{value=.//*[@id='ui-id-1216']/div/p[1]/span[2], using=xpath}"
          ],
          "result": "no such element: Unable to locate element: {\"method\":\"xpath\",\"selector\":\".//*[@id='ui-id-1216']/div/p[1]/span[2]\"}\n  (Session info: chrome=56.0.2924.87)\n  (Driver info: chromedriver=2.28.455520 (cc17746adff54984afff480136733114c6b3704b),platform=Windows NT 6.2.9200 x86_64) (WARNING: The server did not provide any stacktrace information)\nCommand duration or timeout: 22 milliseconds\nFor documentation on this error, please visit: http://seleniumhq.org/exceptions/no_such_element.html\nBuild info: version: '2.53.1', revision: 'a36b8b1cd5757287168e54b817830adce9b0158d', time: '2016-06-30 19:26:09'\nSystem info: host: 'ICPL11465', ip: '10.11.31.36', os.name: 'Windows 8', os.arch: 'amd64', os.version: '6.2', java.version: '1.8.0_121'\nDriver info: com.qmetry.qaf.automation.ui.webdriver.QAFExtendedWebDriver\nCapabilities [{applicationCacheEnabled=false, rotatable=false, mobileEmulationEnabled=false, networkConnectionEnabled=false, chrome={chromedriverVersion=2.28.455520 (cc17746adff54984afff480136733114c6b3704b), userDataDir=C:\\Users\\SATISH~1.GAR\\AppData\\Local\\Temp\\scoped_dir4780_6867}, takesHeapSnapshot=true, pageLoadStrategy=normal, databaseEnabled=false, handlesAlerts=true, hasTouchScreen=false, version=56.0.2924.87, platform=WIN8, browserConnectionEnabled=false, nativeEvents=true, acceptSslCerts=true, locationContextEnabled=true, webStorageEnabled=true, browserName=chrome, takesScreenshot=true, javascriptEnabled=true, cssSelectorsEnabled=true, unexpectedAlertBehaviour=}]\nSession ID: ae7fcd996e2ec88e90ea9e2b28b60abe\n*** Element info: {Using=xpath, value=.//*[@id='ui-id-1216']/div/p[1]/span[2]}",
          "subLogs": [],
          "duration": 22
        },
        {
          "commandName": "findElement",
          "args": [
            "{value=.//*[@id='ui-id-1216']/div/p[1]/span[2], using=xpath}"
          ],
          "result": "no such element: Unable to locate element: {\"method\":\"xpath\",\"selector\":\".//*[@id='ui-id-1216']/div/p[1]/span[2]\"}\n  (Session info: chrome=56.0.2924.87)\n  (Driver info: chromedriver=2.28.455520 (cc17746adff54984afff480136733114c6b3704b),platform=Windows NT 6.2.9200 x86_64) (WARNING: The server did not provide any stacktrace information)\nCommand duration or timeout: 17 milliseconds\nFor documentation on this error, please visit: http://seleniumhq.org/exceptions/no_such_element.html\nBuild info: version: '2.53.1', revision: 'a36b8b1cd5757287168e54b817830adce9b0158d', time: '2016-06-30 19:26:09'\nSystem info: host: 'ICPL11465', ip: '10.11.31.36', os.name: 'Windows 8', os.arch: 'amd64', os.version: '6.2', java.version: '1.8.0_121'\nDriver info: com.qmetry.qaf.automation.ui.webdriver.QAFExtendedWebDriver\nCapabilities [{applicationCacheEnabled=false, rotatable=false, mobileEmulationEnabled=false, networkConnectionEnabled=false, chrome={chromedriverVersion=2.28.455520 (cc17746adff54984afff480136733114c6b3704b), userDataDir=C:\\Users\\SATISH~1.GAR\\AppData\\Local\\Temp\\scoped_dir4780_6867}, takesHeapSnapshot=true, pageLoadStrategy=normal, databaseEnabled=false, handlesAlerts=true, hasTouchScreen=false, version=56.0.2924.87, platform=WIN8, browserConnectionEnabled=false, nativeEvents=true, acceptSslCerts=true, locationContextEnabled=true, webStorageEnabled=true, browserName=chrome, takesScreenshot=true, javascriptEnabled=true, cssSelectorsEnabled=true, unexpectedAlertBehaviour=}]\nSession ID: ae7fcd996e2ec88e90ea9e2b28b60abe\n*** Element info: {Using=xpath, value=.//*[@id='ui-id-1216']/div/p[1]/span[2]}",
          "subLogs": [],
          "duration": 17
        },
        {
          "commandName": "findElement",
          "args": [
            "{value=.//*[@id='ui-id-1216']/div/p[1]/span[2], using=xpath}"
          ],
          "result": "no such element: Unable to locate element: {\"method\":\"xpath\",\"selector\":\".//*[@id='ui-id-1216']/div/p[1]/span[2]\"}\n  (Session info: chrome=56.0.2924.87)\n  (Driver info: chromedriver=2.28.455520 (cc17746adff54984afff480136733114c6b3704b),platform=Windows NT 6.2.9200 x86_64) (WARNING: The server did not provide any stacktrace information)\nCommand duration or timeout: 16 milliseconds\nFor documentation on this error, please visit: http://seleniumhq.org/exceptions/no_such_element.html\nBuild info: version: '2.53.1', revision: 'a36b8b1cd5757287168e54b817830adce9b0158d', time: '2016-06-30 19:26:09'\nSystem info: host: 'ICPL11465', ip: '10.11.31.36', os.name: 'Windows 8', os.arch: 'amd64', os.version: '6.2', java.version: '1.8.0_121'\nDriver info: com.qmetry.qaf.automation.ui.webdriver.QAFExtendedWebDriver\nCapabilities [{applicationCacheEnabled=false, rotatable=false, mobileEmulationEnabled=false, networkConnectionEnabled=false, chrome={chromedriverVersion=2.28.455520 (cc17746adff54984afff480136733114c6b3704b), userDataDir=C:\\Users\\SATISH~1.GAR\\AppData\\Local\\Temp\\scoped_dir4780_6867}, takesHeapSnapshot=true, pageLoadStrategy=normal, databaseEnabled=false, handlesAlerts=true, hasTouchScreen=false, version=56.0.2924.87, platform=WIN8, browserConnectionEnabled=false, nativeEvents=true, acceptSslCerts=true, locationContextEnabled=true, webStorageEnabled=true, browserName=chrome, takesScreenshot=true, javascriptEnabled=true, cssSelectorsEnabled=true, unexpectedAlertBehaviour=}]\nSession ID: ae7fcd996e2ec88e90ea9e2b28b60abe\n*** Element info: {Using=xpath, value=.//*[@id='ui-id-1216']/div/p[1]/span[2]}",
          "subLogs": [],
          "duration": 16
        },
        {
          "commandName": "findElement",
          "args": [
            "{value=.//*[@id='ui-id-1216']/div/p[1]/span[2], using=xpath}"
          ],
          "result": "no such element: Unable to locate element: {\"method\":\"xpath\",\"selector\":\".//*[@id='ui-id-1216']/div/p[1]/span[2]\"}\n  (Session info: chrome=56.0.2924.87)\n  (Driver info: chromedriver=2.28.455520 (cc17746adff54984afff480136733114c6b3704b),platform=Windows NT 6.2.9200 x86_64) (WARNING: The server did not provide any stacktrace information)\nCommand duration or timeout: 32 milliseconds\nFor documentation on this error, please visit: http://seleniumhq.org/exceptions/no_such_element.html\nBuild info: version: '2.53.1', revision: 'a36b8b1cd5757287168e54b817830adce9b0158d', time: '2016-06-30 19:26:09'\nSystem info: host: 'ICPL11465', ip: '10.11.31.36', os.name: 'Windows 8', os.arch: 'amd64', os.version: '6.2', java.version: '1.8.0_121'\nDriver info: com.qmetry.qaf.automation.ui.webdriver.QAFExtendedWebDriver\nCapabilities [{applicationCacheEnabled=false, rotatable=false, mobileEmulationEnabled=false, networkConnectionEnabled=false, chrome={chromedriverVersion=2.28.455520 (cc17746adff54984afff480136733114c6b3704b), userDataDir=C:\\Users\\SATISH~1.GAR\\AppData\\Local\\Temp\\scoped_dir4780_6867}, takesHeapSnapshot=true, pageLoadStrategy=normal, databaseEnabled=false, handlesAlerts=true, hasTouchScreen=false, version=56.0.2924.87, platform=WIN8, browserConnectionEnabled=false, nativeEvents=true, acceptSslCerts=true, locationContextEnabled=true, webStorageEnabled=true, browserName=chrome, takesScreenshot=true, javascriptEnabled=true, cssSelectorsEnabled=true, unexpectedAlertBehaviour=}]\nSession ID: ae7fcd996e2ec88e90ea9e2b28b60abe\n*** Element info: {Using=xpath, value=.//*[@id='ui-id-1216']/div/p[1]/span[2]}",
          "subLogs": [],
          "duration": 32
        },
        {
          "commandName": "findElement",
          "args": [
            "{value=.//*[@id='ui-id-1216']/div/p[1]/span[2], using=xpath}"
          ],
          "result": "no such element: Unable to locate element: {\"method\":\"xpath\",\"selector\":\".//*[@id='ui-id-1216']/div/p[1]/span[2]\"}\n  (Session info: chrome=56.0.2924.87)\n  (Driver info: chromedriver=2.28.455520 (cc17746adff54984afff480136733114c6b3704b),platform=Windows NT 6.2.9200 x86_64) (WARNING: The server did not provide any stacktrace information)\nCommand duration or timeout: 17 milliseconds\nFor documentation on this error, please visit: http://seleniumhq.org/exceptions/no_such_element.html\nBuild info: version: '2.53.1', revision: 'a36b8b1cd5757287168e54b817830adce9b0158d', time: '2016-06-30 19:26:09'\nSystem info: host: 'ICPL11465', ip: '10.11.31.36', os.name: 'Windows 8', os.arch: 'amd64', os.version: '6.2', java.version: '1.8.0_121'\nDriver info: com.qmetry.qaf.automation.ui.webdriver.QAFExtendedWebDriver\nCapabilities [{applicationCacheEnabled=false, rotatable=false, mobileEmulationEnabled=false, networkConnectionEnabled=false, chrome={chromedriverVersion=2.28.455520 (cc17746adff54984afff480136733114c6b3704b), userDataDir=C:\\Users\\SATISH~1.GAR\\AppData\\Local\\Temp\\scoped_dir4780_6867}, takesHeapSnapshot=true, pageLoadStrategy=normal, databaseEnabled=false, handlesAlerts=true, hasTouchScreen=false, version=56.0.2924.87, platform=WIN8, browserConnectionEnabled=false, nativeEvents=true, acceptSslCerts=true, locationContextEnabled=true, webStorageEnabled=true, browserName=chrome, takesScreenshot=true, javascriptEnabled=true, cssSelectorsEnabled=true, unexpectedAlertBehaviour=}]\nSession ID: ae7fcd996e2ec88e90ea9e2b28b60abe\n*** Element info: {Using=xpath, value=.//*[@id='ui-id-1216']/div/p[1]/span[2]}",
          "subLogs": [],
          "duration": 17
        },
        {
          "commandName": "findElement",
          "args": [
            "{value=.//*[@id='ui-id-1216']/div/p[1]/span[2], using=xpath}"
          ],
          "result": "no such element: Unable to locate element: {\"method\":\"xpath\",\"selector\":\".//*[@id='ui-id-1216']/div/p[1]/span[2]\"}\n  (Session info: chrome=56.0.2924.87)\n  (Driver info: chromedriver=2.28.455520 (cc17746adff54984afff480136733114c6b3704b),platform=Windows NT 6.2.9200 x86_64) (WARNING: The server did not provide any stacktrace information)\nCommand duration or timeout: 0 milliseconds\nFor documentation on this error, please visit: http://seleniumhq.org/exceptions/no_such_element.html\nBuild info: version: '2.53.1', revision: 'a36b8b1cd5757287168e54b817830adce9b0158d', time: '2016-06-30 19:26:09'\nSystem info: host: 'ICPL11465', ip: '10.11.31.36', os.name: 'Windows 8', os.arch: 'amd64', os.version: '6.2', java.version: '1.8.0_121'\nDriver info: com.qmetry.qaf.automation.ui.webdriver.QAFExtendedWebDriver\nCapabilities [{applicationCacheEnabled=false, rotatable=false, mobileEmulationEnabled=false, networkConnectionEnabled=false, chrome={chromedriverVersion=2.28.455520 (cc17746adff54984afff480136733114c6b3704b), userDataDir=C:\\Users\\SATISH~1.GAR\\AppData\\Local\\Temp\\scoped_dir4780_6867}, takesHeapSnapshot=true, pageLoadStrategy=normal, databaseEnabled=false, handlesAlerts=true, hasTouchScreen=false, version=56.0.2924.87, platform=WIN8, browserConnectionEnabled=false, nativeEvents=true, acceptSslCerts=true, locationContextEnabled=true, webStorageEnabled=true, browserName=chrome, takesScreenshot=true, javascriptEnabled=true, cssSelectorsEnabled=true, unexpectedAlertBehaviour=}]\nSession ID: ae7fcd996e2ec88e90ea9e2b28b60abe\n*** Element info: {Using=xpath, value=.//*[@id='ui-id-1216']/div/p[1]/span[2]}",
          "subLogs": [],
          "duration": 0
        },
        {
          "commandName": "findElement",
          "args": [
            "{value=.//*[@id='ui-id-1216']/div/p[1]/span[2], using=xpath}"
          ],
          "result": "no such element: Unable to locate element: {\"method\":\"xpath\",\"selector\":\".//*[@id='ui-id-1216']/div/p[1]/span[2]\"}\n  (Session info: chrome=56.0.2924.87)\n  (Driver info: chromedriver=2.28.455520 (cc17746adff54984afff480136733114c6b3704b),platform=Windows NT 6.2.9200 x86_64) (WARNING: The server did not provide any stacktrace information)\nCommand duration or timeout: 0 milliseconds\nFor documentation on this error, please visit: http://seleniumhq.org/exceptions/no_such_element.html\nBuild info: version: '2.53.1', revision: 'a36b8b1cd5757287168e54b817830adce9b0158d', time: '2016-06-30 19:26:09'\nSystem info: host: 'ICPL11465', ip: '10.11.31.36', os.name: 'Windows 8', os.arch: 'amd64', os.version: '6.2', java.version: '1.8.0_121'\nDriver info: com.qmetry.qaf.automation.ui.webdriver.QAFExtendedWebDriver\nCapabilities [{applicationCacheEnabled=false, rotatable=false, mobileEmulationEnabled=false, networkConnectionEnabled=false, chrome={chromedriverVersion=2.28.455520 (cc17746adff54984afff480136733114c6b3704b), userDataDir=C:\\Users\\SATISH~1.GAR\\AppData\\Local\\Temp\\scoped_dir4780_6867}, takesHeapSnapshot=true, pageLoadStrategy=normal, databaseEnabled=false, handlesAlerts=true, hasTouchScreen=false, version=56.0.2924.87, platform=WIN8, browserConnectionEnabled=false, nativeEvents=true, acceptSslCerts=true, locationContextEnabled=true, webStorageEnabled=true, browserName=chrome, takesScreenshot=true, javascriptEnabled=true, cssSelectorsEnabled=true, unexpectedAlertBehaviour=}]\nSession ID: ae7fcd996e2ec88e90ea9e2b28b60abe\n*** Element info: {Using=xpath, value=.//*[@id='ui-id-1216']/div/p[1]/span[2]}",
          "subLogs": [],
          "duration": 0
        },
        {
          "commandName": "findElement",
          "args": [
            "{value=.//*[@id='ui-id-1216']/div/p[1]/span[2], using=xpath}"
          ],
          "result": "no such element: Unable to locate element: {\"method\":\"xpath\",\"selector\":\".//*[@id='ui-id-1216']/div/p[1]/span[2]\"}\n  (Session info: chrome=56.0.2924.87)\n  (Driver info: chromedriver=2.28.455520 (cc17746adff54984afff480136733114c6b3704b),platform=Windows NT 6.2.9200 x86_64) (WARNING: The server did not provide any stacktrace information)\nCommand duration or timeout: 23 milliseconds\nFor documentation on this error, please visit: http://seleniumhq.org/exceptions/no_such_element.html\nBuild info: version: '2.53.1', revision: 'a36b8b1cd5757287168e54b817830adce9b0158d', time: '2016-06-30 19:26:09'\nSystem info: host: 'ICPL11465', ip: '10.11.31.36', os.name: 'Windows 8', os.arch: 'amd64', os.version: '6.2', java.version: '1.8.0_121'\nDriver info: com.qmetry.qaf.automation.ui.webdriver.QAFExtendedWebDriver\nCapabilities [{applicationCacheEnabled=false, rotatable=false, mobileEmulationEnabled=false, networkConnectionEnabled=false, chrome={chromedriverVersion=2.28.455520 (cc17746adff54984afff480136733114c6b3704b), userDataDir=C:\\Users\\SATISH~1.GAR\\AppData\\Local\\Temp\\scoped_dir4780_6867}, takesHeapSnapshot=true, pageLoadStrategy=normal, databaseEnabled=false, handlesAlerts=true, hasTouchScreen=false, version=56.0.2924.87, platform=WIN8, browserConnectionEnabled=false, nativeEvents=true, acceptSslCerts=true, locationContextEnabled=true, webStorageEnabled=true, browserName=chrome, takesScreenshot=true, javascriptEnabled=true, cssSelectorsEnabled=true, unexpectedAlertBehaviour=}]\nSession ID: ae7fcd996e2ec88e90ea9e2b28b60abe\n*** Element info: {Using=xpath, value=.//*[@id='ui-id-1216']/div/p[1]/span[2]}",
          "subLogs": [],
          "duration": 23
        },
        {
          "commandName": "findElement",
          "args": [
            "{value=.//*[@id='ui-id-1216']/div/p[1]/span[2], using=xpath}"
          ],
          "result": "no such element: Unable to locate element: {\"method\":\"xpath\",\"selector\":\".//*[@id='ui-id-1216']/div/p[1]/span[2]\"}\n  (Session info: chrome=56.0.2924.87)\n  (Driver info: chromedriver=2.28.455520 (cc17746adff54984afff480136733114c6b3704b),platform=Windows NT 6.2.9200 x86_64) (WARNING: The server did not provide any stacktrace information)\nCommand duration or timeout: 17 milliseconds\nFor documentation on this error, please visit: http://seleniumhq.org/exceptions/no_such_element.html\nBuild info: version: '2.53.1', revision: 'a36b8b1cd5757287168e54b817830adce9b0158d', time: '2016-06-30 19:26:09'\nSystem info: host: 'ICPL11465', ip: '10.11.31.36', os.name: 'Windows 8', os.arch: 'amd64', os.version: '6.2', java.version: '1.8.0_121'\nDriver info: com.qmetry.qaf.automation.ui.webdriver.QAFExtendedWebDriver\nCapabilities [{applicationCacheEnabled=false, rotatable=false, mobileEmulationEnabled=false, networkConnectionEnabled=false, chrome={chromedriverVersion=2.28.455520 (cc17746adff54984afff480136733114c6b3704b), userDataDir=C:\\Users\\SATISH~1.GAR\\AppData\\Local\\Temp\\scoped_dir4780_6867}, takesHeapSnapshot=true, pageLoadStrategy=normal, databaseEnabled=false, handlesAlerts=true, hasTouchScreen=false, version=56.0.2924.87, platform=WIN8, browserConnectionEnabled=false, nativeEvents=true, acceptSslCerts=true, locationContextEnabled=true, webStorageEnabled=true, browserName=chrome, takesScreenshot=true, javascriptEnabled=true, cssSelectorsEnabled=true, unexpectedAlertBehaviour=}]\nSession ID: ae7fcd996e2ec88e90ea9e2b28b60abe\n*** Element info: {Using=xpath, value=.//*[@id='ui-id-1216']/div/p[1]/span[2]}",
          "subLogs": [],
          "duration": 17
        },
        {
          "commandName": "findElement",
          "args": [
            "{value=.//*[@id='ui-id-1216']/div/p[1]/span[2], using=xpath}"
          ],
          "result": "no such element: Unable to locate element: {\"method\":\"xpath\",\"selector\":\".//*[@id='ui-id-1216']/div/p[1]/span[2]\"}\n  (Session info: chrome=56.0.2924.87)\n  (Driver info: chromedriver=2.28.455520 (cc17746adff54984afff480136733114c6b3704b),platform=Windows NT 6.2.9200 x86_64) (WARNING: The server did not provide any stacktrace information)\nCommand duration or timeout: 32 milliseconds\nFor documentation on this error, please visit: http://seleniumhq.org/exceptions/no_such_element.html\nBuild info: version: '2.53.1', revision: 'a36b8b1cd5757287168e54b817830adce9b0158d', time: '2016-06-30 19:26:09'\nSystem info: host: 'ICPL11465', ip: '10.11.31.36', os.name: 'Windows 8', os.arch: 'amd64', os.version: '6.2', java.version: '1.8.0_121'\nDriver info: com.qmetry.qaf.automation.ui.webdriver.QAFExtendedWebDriver\nCapabilities [{applicationCacheEnabled=false, rotatable=false, mobileEmulationEnabled=false, networkConnectionEnabled=false, chrome={chromedriverVersion=2.28.455520 (cc17746adff54984afff480136733114c6b3704b), userDataDir=C:\\Users\\SATISH~1.GAR\\AppData\\Local\\Temp\\scoped_dir4780_6867}, takesHeapSnapshot=true, pageLoadStrategy=normal, databaseEnabled=false, handlesAlerts=true, hasTouchScreen=false, version=56.0.2924.87, platform=WIN8, browserConnectionEnabled=false, nativeEvents=true, acceptSslCerts=true, locationContextEnabled=true, webStorageEnabled=true, browserName=chrome, takesScreenshot=true, javascriptEnabled=true, cssSelectorsEnabled=true, unexpectedAlertBehaviour=}]\nSession ID: ae7fcd996e2ec88e90ea9e2b28b60abe\n*** Element info: {Using=xpath, value=.//*[@id='ui-id-1216']/div/p[1]/span[2]}",
          "subLogs": [],
          "duration": 32
        },
        {
          "commandName": "findElement",
          "args": [
            "{value=.//*[@id='ui-id-1216']/div/p[1]/span[2], using=xpath}"
          ],
          "result": "no such element: Unable to locate element: {\"method\":\"xpath\",\"selector\":\".//*[@id='ui-id-1216']/div/p[1]/span[2]\"}\n  (Session info: chrome=56.0.2924.87)\n  (Driver info: chromedriver=2.28.455520 (cc17746adff54984afff480136733114c6b3704b),platform=Windows NT 6.2.9200 x86_64) (WARNING: The server did not provide any stacktrace information)\nCommand duration or timeout: 0 milliseconds\nFor documentation on this error, please visit: http://seleniumhq.org/exceptions/no_such_element.html\nBuild info: version: '2.53.1', revision: 'a36b8b1cd5757287168e54b817830adce9b0158d', time: '2016-06-30 19:26:09'\nSystem info: host: 'ICPL11465', ip: '10.11.31.36', os.name: 'Windows 8', os.arch: 'amd64', os.version: '6.2', java.version: '1.8.0_121'\nDriver info: com.qmetry.qaf.automation.ui.webdriver.QAFExtendedWebDriver\nCapabilities [{applicationCacheEnabled=false, rotatable=false, mobileEmulationEnabled=false, networkConnectionEnabled=false, chrome={chromedriverVersion=2.28.455520 (cc17746adff54984afff480136733114c6b3704b), userDataDir=C:\\Users\\SATISH~1.GAR\\AppData\\Local\\Temp\\scoped_dir4780_6867}, takesHeapSnapshot=true, pageLoadStrategy=normal, databaseEnabled=false, handlesAlerts=true, hasTouchScreen=false, version=56.0.2924.87, platform=WIN8, browserConnectionEnabled=false, nativeEvents=true, acceptSslCerts=true, locationContextEnabled=true, webStorageEnabled=true, browserName=chrome, takesScreenshot=true, javascriptEnabled=true, cssSelectorsEnabled=true, unexpectedAlertBehaviour=}]\nSession ID: ae7fcd996e2ec88e90ea9e2b28b60abe\n*** Element info: {Using=xpath, value=.//*[@id='ui-id-1216']/div/p[1]/span[2]}",
          "subLogs": [],
          "duration": 0
        },
        {
          "commandName": "findElement",
          "args": [
            "{value=.//*[@id='ui-id-1216']/div/p[1]/span[2], using=xpath}"
          ],
          "result": "no such element: Unable to locate element: {\"method\":\"xpath\",\"selector\":\".//*[@id='ui-id-1216']/div/p[1]/span[2]\"}\n  (Session info: chrome=56.0.2924.87)\n  (Driver info: chromedriver=2.28.455520 (cc17746adff54984afff480136733114c6b3704b),platform=Windows NT 6.2.9200 x86_64) (WARNING: The server did not provide any stacktrace information)\nCommand duration or timeout: 0 milliseconds\nFor documentation on this error, please visit: http://seleniumhq.org/exceptions/no_such_element.html\nBuild info: version: '2.53.1', revision: 'a36b8b1cd5757287168e54b817830adce9b0158d', time: '2016-06-30 19:26:09'\nSystem info: host: 'ICPL11465', ip: '10.11.31.36', os.name: 'Windows 8', os.arch: 'amd64', os.version: '6.2', java.version: '1.8.0_121'\nDriver info: com.qmetry.qaf.automation.ui.webdriver.QAFExtendedWebDriver\nCapabilities [{applicationCacheEnabled=false, rotatable=false, mobileEmulationEnabled=false, networkConnectionEnabled=false, chrome={chromedriverVersion=2.28.455520 (cc17746adff54984afff480136733114c6b3704b), userDataDir=C:\\Users\\SATISH~1.GAR\\AppData\\Local\\Temp\\scoped_dir4780_6867}, takesHeapSnapshot=true, pageLoadStrategy=normal, databaseEnabled=false, handlesAlerts=true, hasTouchScreen=false, version=56.0.2924.87, platform=WIN8, browserConnectionEnabled=false, nativeEvents=true, acceptSslCerts=true, locationContextEnabled=true, webStorageEnabled=true, browserName=chrome, takesScreenshot=true, javascriptEnabled=true, cssSelectorsEnabled=true, unexpectedAlertBehaviour=}]\nSession ID: ae7fcd996e2ec88e90ea9e2b28b60abe\n*** Element info: {Using=xpath, value=.//*[@id='ui-id-1216']/div/p[1]/span[2]}",
          "subLogs": [],
          "duration": 0
        },
        {
          "commandName": "findElement",
          "args": [
            "{value=.//*[@id='ui-id-1216']/div/p[1]/span[2], using=xpath}"
          ],
          "result": "no such element: Unable to locate element: {\"method\":\"xpath\",\"selector\":\".//*[@id='ui-id-1216']/div/p[1]/span[2]\"}\n  (Session info: chrome=56.0.2924.87)\n  (Driver info: chromedriver=2.28.455520 (cc17746adff54984afff480136733114c6b3704b),platform=Windows NT 6.2.9200 x86_64) (WARNING: The server did not provide any stacktrace information)\nCommand duration or timeout: 0 milliseconds\nFor documentation on this error, please visit: http://seleniumhq.org/exceptions/no_such_element.html\nBuild info: version: '2.53.1', revision: 'a36b8b1cd5757287168e54b817830adce9b0158d', time: '2016-06-30 19:26:09'\nSystem info: host: 'ICPL11465', ip: '10.11.31.36', os.name: 'Windows 8', os.arch: 'amd64', os.version: '6.2', java.version: '1.8.0_121'\nDriver info: com.qmetry.qaf.automation.ui.webdriver.QAFExtendedWebDriver\nCapabilities [{applicationCacheEnabled=false, rotatable=false, mobileEmulationEnabled=false, networkConnectionEnabled=false, chrome={chromedriverVersion=2.28.455520 (cc17746adff54984afff480136733114c6b3704b), userDataDir=C:\\Users\\SATISH~1.GAR\\AppData\\Local\\Temp\\scoped_dir4780_6867}, takesHeapSnapshot=true, pageLoadStrategy=normal, databaseEnabled=false, handlesAlerts=true, hasTouchScreen=false, version=56.0.2924.87, platform=WIN8, browserConnectionEnabled=false, nativeEvents=true, acceptSslCerts=true, locationContextEnabled=true, webStorageEnabled=true, browserName=chrome, takesScreenshot=true, javascriptEnabled=true, cssSelectorsEnabled=true, unexpectedAlertBehaviour=}]\nSession ID: ae7fcd996e2ec88e90ea9e2b28b60abe\n*** Element info: {Using=xpath, value=.//*[@id='ui-id-1216']/div/p[1]/span[2]}",
          "subLogs": [],
          "duration": 0
        },
        {
          "commandName": "findElement",
          "args": [
            "{value=.//*[@id='ui-id-1216']/div/p[1]/span[2], using=xpath}"
          ],
          "result": "no such element: Unable to locate element: {\"method\":\"xpath\",\"selector\":\".//*[@id='ui-id-1216']/div/p[1]/span[2]\"}\n  (Session info: chrome=56.0.2924.87)\n  (Driver info: chromedriver=2.28.455520 (cc17746adff54984afff480136733114c6b3704b),platform=Windows NT 6.2.9200 x86_64) (WARNING: The server did not provide any stacktrace information)\nCommand duration or timeout: 17 milliseconds\nFor documentation on this error, please visit: http://seleniumhq.org/exceptions/no_such_element.html\nBuild info: version: '2.53.1', revision: 'a36b8b1cd5757287168e54b817830adce9b0158d', time: '2016-06-30 19:26:09'\nSystem info: host: 'ICPL11465', ip: '10.11.31.36', os.name: 'Windows 8', os.arch: 'amd64', os.version: '6.2', java.version: '1.8.0_121'\nDriver info: com.qmetry.qaf.automation.ui.webdriver.QAFExtendedWebDriver\nCapabilities [{applicationCacheEnabled=false, rotatable=false, mobileEmulationEnabled=false, networkConnectionEnabled=false, chrome={chromedriverVersion=2.28.455520 (cc17746adff54984afff480136733114c6b3704b), userDataDir=C:\\Users\\SATISH~1.GAR\\AppData\\Local\\Temp\\scoped_dir4780_6867}, takesHeapSnapshot=true, pageLoadStrategy=normal, databaseEnabled=false, handlesAlerts=true, hasTouchScreen=false, version=56.0.2924.87, platform=WIN8, browserConnectionEnabled=false, nativeEvents=true, acceptSslCerts=true, locationContextEnabled=true, webStorageEnabled=true, browserName=chrome, takesScreenshot=true, javascriptEnabled=true, cssSelectorsEnabled=true, unexpectedAlertBehaviour=}]\nSession ID: ae7fcd996e2ec88e90ea9e2b28b60abe\n*** Element info: {Using=xpath, value=.//*[@id='ui-id-1216']/div/p[1]/span[2]}",
          "subLogs": [],
          "duration": 17
        },
        {
          "commandName": "findElement",
          "args": [
            "{value=.//*[@id='ui-id-1216']/div/p[1]/span[2], using=xpath}"
          ],
          "result": "no such element: Unable to locate element: {\"method\":\"xpath\",\"selector\":\".//*[@id='ui-id-1216']/div/p[1]/span[2]\"}\n  (Session info: chrome=56.0.2924.87)\n  (Driver info: chromedriver=2.28.455520 (cc17746adff54984afff480136733114c6b3704b),platform=Windows NT 6.2.9200 x86_64) (WARNING: The server did not provide any stacktrace information)\nCommand duration or timeout: 19 milliseconds\nFor documentation on this error, please visit: http://seleniumhq.org/exceptions/no_such_element.html\nBuild info: version: '2.53.1', revision: 'a36b8b1cd5757287168e54b817830adce9b0158d', time: '2016-06-30 19:26:09'\nSystem info: host: 'ICPL11465', ip: '10.11.31.36', os.name: 'Windows 8', os.arch: 'amd64', os.version: '6.2', java.version: '1.8.0_121'\nDriver info: com.qmetry.qaf.automation.ui.webdriver.QAFExtendedWebDriver\nCapabilities [{applicationCacheEnabled=false, rotatable=false, mobileEmulationEnabled=false, networkConnectionEnabled=false, chrome={chromedriverVersion=2.28.455520 (cc17746adff54984afff480136733114c6b3704b), userDataDir=C:\\Users\\SATISH~1.GAR\\AppData\\Local\\Temp\\scoped_dir4780_6867}, takesHeapSnapshot=true, pageLoadStrategy=normal, databaseEnabled=false, handlesAlerts=true, hasTouchScreen=false, version=56.0.2924.87, platform=WIN8, browserConnectionEnabled=false, nativeEvents=true, acceptSslCerts=true, locationContextEnabled=true, webStorageEnabled=true, browserName=chrome, takesScreenshot=true, javascriptEnabled=true, cssSelectorsEnabled=true, unexpectedAlertBehaviour=}]\nSession ID: ae7fcd996e2ec88e90ea9e2b28b60abe\n*** Element info: {Using=xpath, value=.//*[@id='ui-id-1216']/div/p[1]/span[2]}",
          "subLogs": [],
          "duration": 19
        },
        {
          "commandName": "findElement",
          "args": [
            "{value=.//*[@id='ui-id-1216']/div/p[1]/span[2], using=xpath}"
          ],
          "result": "no such element: Unable to locate element: {\"method\":\"xpath\",\"selector\":\".//*[@id='ui-id-1216']/div/p[1]/span[2]\"}\n  (Session info: chrome=56.0.2924.87)\n  (Driver info: chromedriver=2.28.455520 (cc17746adff54984afff480136733114c6b3704b),platform=Windows NT 6.2.9200 x86_64) (WARNING: The server did not provide any stacktrace information)\nCommand duration or timeout: 16 milliseconds\nFor documentation on this error, please visit: http://seleniumhq.org/exceptions/no_such_element.html\nBuild info: version: '2.53.1', revision: 'a36b8b1cd5757287168e54b817830adce9b0158d', time: '2016-06-30 19:26:09'\nSystem info: host: 'ICPL11465', ip: '10.11.31.36', os.name: 'Windows 8', os.arch: 'amd64', os.version: '6.2', java.version: '1.8.0_121'\nDriver info: com.qmetry.qaf.automation.ui.webdriver.QAFExtendedWebDriver\nCapabilities [{applicationCacheEnabled=false, rotatable=false, mobileEmulationEnabled=false, networkConnectionEnabled=false, chrome={chromedriverVersion=2.28.455520 (cc17746adff54984afff480136733114c6b3704b), userDataDir=C:\\Users\\SATISH~1.GAR\\AppData\\Local\\Temp\\scoped_dir4780_6867}, takesHeapSnapshot=true, pageLoadStrategy=normal, databaseEnabled=false, handlesAlerts=true, hasTouchScreen=false, version=56.0.2924.87, platform=WIN8, browserConnectionEnabled=false, nativeEvents=true, acceptSslCerts=true, locationContextEnabled=true, webStorageEnabled=true, browserName=chrome, takesScreenshot=true, javascriptEnabled=true, cssSelectorsEnabled=true, unexpectedAlertBehaviour=}]\nSession ID: ae7fcd996e2ec88e90ea9e2b28b60abe\n*** Element info: {Using=xpath, value=.//*[@id='ui-id-1216']/div/p[1]/span[2]}",
          "subLogs": [],
          "duration": 16
        },
        {
          "commandName": "findElement",
          "args": [
            "{value=.//*[@id='ui-id-1216']/div/p[1]/span[2], using=xpath}"
          ],
          "result": "no such element: Unable to locate element: {\"method\":\"xpath\",\"selector\":\".//*[@id='ui-id-1216']/div/p[1]/span[2]\"}\n  (Session info: chrome=56.0.2924.87)\n  (Driver info: chromedriver=2.28.455520 (cc17746adff54984afff480136733114c6b3704b),platform=Windows NT 6.2.9200 x86_64) (WARNING: The server did not provide any stacktrace information)\nCommand duration or timeout: 17 milliseconds\nFor documentation on this error, please visit: http://seleniumhq.org/exceptions/no_such_element.html\nBuild info: version: '2.53.1', revision: 'a36b8b1cd5757287168e54b817830adce9b0158d', time: '2016-06-30 19:26:09'\nSystem info: host: 'ICPL11465', ip: '10.11.31.36', os.name: 'Windows 8', os.arch: 'amd64', os.version: '6.2', java.version: '1.8.0_121'\nDriver info: com.qmetry.qaf.automation.ui.webdriver.QAFExtendedWebDriver\nCapabilities [{applicationCacheEnabled=false, rotatable=false, mobileEmulationEnabled=false, networkConnectionEnabled=false, chrome={chromedriverVersion=2.28.455520 (cc17746adff54984afff480136733114c6b3704b), userDataDir=C:\\Users\\SATISH~1.GAR\\AppData\\Local\\Temp\\scoped_dir4780_6867}, takesHeapSnapshot=true, pageLoadStrategy=normal, databaseEnabled=false, handlesAlerts=true, hasTouchScreen=false, version=56.0.2924.87, platform=WIN8, browserConnectionEnabled=false, nativeEvents=true, acceptSslCerts=true, locationContextEnabled=true, webStorageEnabled=true, browserName=chrome, takesScreenshot=true, javascriptEnabled=true, cssSelectorsEnabled=true, unexpectedAlertBehaviour=}]\nSession ID: ae7fcd996e2ec88e90ea9e2b28b60abe\n*** Element info: {Using=xpath, value=.//*[@id='ui-id-1216']/div/p[1]/span[2]}",
          "subLogs": [],
          "duration": 17
        },
        {
          "commandName": "findElement",
          "args": [
            "{value=.//*[@id='ui-id-1216']/div/p[1]/span[2], using=xpath}"
          ],
          "result": "no such element: Unable to locate element: {\"method\":\"xpath\",\"selector\":\".//*[@id='ui-id-1216']/div/p[1]/span[2]\"}\n  (Session info: chrome=56.0.2924.87)\n  (Driver info: chromedriver=2.28.455520 (cc17746adff54984afff480136733114c6b3704b),platform=Windows NT 6.2.9200 x86_64) (WARNING: The server did not provide any stacktrace information)\nCommand duration or timeout: 16 milliseconds\nFor documentation on this error, please visit: http://seleniumhq.org/exceptions/no_such_element.html\nBuild info: version: '2.53.1', revision: 'a36b8b1cd5757287168e54b817830adce9b0158d', time: '2016-06-30 19:26:09'\nSystem info: host: 'ICPL11465', ip: '10.11.31.36', os.name: 'Windows 8', os.arch: 'amd64', os.version: '6.2', java.version: '1.8.0_121'\nDriver info: com.qmetry.qaf.automation.ui.webdriver.QAFExtendedWebDriver\nCapabilities [{applicationCacheEnabled=false, rotatable=false, mobileEmulationEnabled=false, networkConnectionEnabled=false, chrome={chromedriverVersion=2.28.455520 (cc17746adff54984afff480136733114c6b3704b), userDataDir=C:\\Users\\SATISH~1.GAR\\AppData\\Local\\Temp\\scoped_dir4780_6867}, takesHeapSnapshot=true, pageLoadStrategy=normal, databaseEnabled=false, handlesAlerts=true, hasTouchScreen=false, version=56.0.2924.87, platform=WIN8, browserConnectionEnabled=false, nativeEvents=true, acceptSslCerts=true, locationContextEnabled=true, webStorageEnabled=true, browserName=chrome, takesScreenshot=true, javascriptEnabled=true, cssSelectorsEnabled=true, unexpectedAlertBehaviour=}]\nSession ID: ae7fcd996e2ec88e90ea9e2b28b60abe\n*** Element info: {Using=xpath, value=.//*[@id='ui-id-1216']/div/p[1]/span[2]}",
          "subLogs": [],
          "duration": 16
        },
        {
          "commandName": "findElement",
          "args": [
            "{value=.//*[@id='ui-id-1216']/div/p[1]/span[2], using=xpath}"
          ],
          "result": "no such element: Unable to locate element: {\"method\":\"xpath\",\"selector\":\".//*[@id='ui-id-1216']/div/p[1]/span[2]\"}\n  (Session info: chrome=56.0.2924.87)\n  (Driver info: chromedriver=2.28.455520 (cc17746adff54984afff480136733114c6b3704b),platform=Windows NT 6.2.9200 x86_64) (WARNING: The server did not provide any stacktrace information)\nCommand duration or timeout: 16 milliseconds\nFor documentation on this error, please visit: http://seleniumhq.org/exceptions/no_such_element.html\nBuild info: version: '2.53.1', revision: 'a36b8b1cd5757287168e54b817830adce9b0158d', time: '2016-06-30 19:26:09'\nSystem info: host: 'ICPL11465', ip: '10.11.31.36', os.name: 'Windows 8', os.arch: 'amd64', os.version: '6.2', java.version: '1.8.0_121'\nDriver info: com.qmetry.qaf.automation.ui.webdriver.QAFExtendedWebDriver\nCapabilities [{applicationCacheEnabled=false, rotatable=false, mobileEmulationEnabled=false, networkConnectionEnabled=false, chrome={chromedriverVersion=2.28.455520 (cc17746adff54984afff480136733114c6b3704b), userDataDir=C:\\Users\\SATISH~1.GAR\\AppData\\Local\\Temp\\scoped_dir4780_6867}, takesHeapSnapshot=true, pageLoadStrategy=normal, databaseEnabled=false, handlesAlerts=true, hasTouchScreen=false, version=56.0.2924.87, platform=WIN8, browserConnectionEnabled=false, nativeEvents=true, acceptSslCerts=true, locationContextEnabled=true, webStorageEnabled=true, browserName=chrome, takesScreenshot=true, javascriptEnabled=true, cssSelectorsEnabled=true, unexpectedAlertBehaviour=}]\nSession ID: ae7fcd996e2ec88e90ea9e2b28b60abe\n*** Element info: {Using=xpath, value=.//*[@id='ui-id-1216']/div/p[1]/span[2]}",
          "subLogs": [],
          "duration": 16
        },
        {
          "commandName": "findElement",
          "args": [
            "{value=.//*[@id='ui-id-1216']/div/p[1]/span[2], using=xpath}"
          ],
          "result": "no such element: Unable to locate element: {\"method\":\"xpath\",\"selector\":\".//*[@id='ui-id-1216']/div/p[1]/span[2]\"}\n  (Session info: chrome=56.0.2924.87)\n  (Driver info: chromedriver=2.28.455520 (cc17746adff54984afff480136733114c6b3704b),platform=Windows NT 6.2.9200 x86_64) (WARNING: The server did not provide any stacktrace information)\nCommand duration or timeout: 17 milliseconds\nFor documentation on this error, please visit: http://seleniumhq.org/exceptions/no_such_element.html\nBuild info: version: '2.53.1', revision: 'a36b8b1cd5757287168e54b817830adce9b0158d', time: '2016-06-30 19:26:09'\nSystem info: host: 'ICPL11465', ip: '10.11.31.36', os.name: 'Windows 8', os.arch: 'amd64', os.version: '6.2', java.version: '1.8.0_121'\nDriver info: com.qmetry.qaf.automation.ui.webdriver.QAFExtendedWebDriver\nCapabilities [{applicationCacheEnabled=false, rotatable=false, mobileEmulationEnabled=false, networkConnectionEnabled=false, chrome={chromedriverVersion=2.28.455520 (cc17746adff54984afff480136733114c6b3704b), userDataDir=C:\\Users\\SATISH~1.GAR\\AppData\\Local\\Temp\\scoped_dir4780_6867}, takesHeapSnapshot=true, pageLoadStrategy=normal, databaseEnabled=false, handlesAlerts=true, hasTouchScreen=false, version=56.0.2924.87, platform=WIN8, browserConnectionEnabled=false, nativeEvents=true, acceptSslCerts=true, locationContextEnabled=true, webStorageEnabled=true, browserName=chrome, takesScreenshot=true, javascriptEnabled=true, cssSelectorsEnabled=true, unexpectedAlertBehaviour=}]\nSession ID: ae7fcd996e2ec88e90ea9e2b28b60abe\n*** Element info: {Using=xpath, value=.//*[@id='ui-id-1216']/div/p[1]/span[2]}",
          "subLogs": [],
          "duration": 17
        },
        {
          "commandName": "findElement",
          "args": [
            "{value=.//*[@id='ui-id-1216']/div/p[1]/span[2], using=xpath}"
          ],
          "result": "no such element: Unable to locate element: {\"method\":\"xpath\",\"selector\":\".//*[@id='ui-id-1216']/div/p[1]/span[2]\"}\n  (Session info: chrome=56.0.2924.87)\n  (Driver info: chromedriver=2.28.455520 (cc17746adff54984afff480136733114c6b3704b),platform=Windows NT 6.2.9200 x86_64) (WARNING: The server did not provide any stacktrace information)\nCommand duration or timeout: 20 milliseconds\nFor documentation on this error, please visit: http://seleniumhq.org/exceptions/no_such_element.html\nBuild info: version: '2.53.1', revision: 'a36b8b1cd5757287168e54b817830adce9b0158d', time: '2016-06-30 19:26:09'\nSystem info: host: 'ICPL11465', ip: '10.11.31.36', os.name: 'Windows 8', os.arch: 'amd64', os.version: '6.2', java.version: '1.8.0_121'\nDriver info: com.qmetry.qaf.automation.ui.webdriver.QAFExtendedWebDriver\nCapabilities [{applicationCacheEnabled=false, rotatable=false, mobileEmulationEnabled=false, networkConnectionEnabled=false, chrome={chromedriverVersion=2.28.455520 (cc17746adff54984afff480136733114c6b3704b), userDataDir=C:\\Users\\SATISH~1.GAR\\AppData\\Local\\Temp\\scoped_dir4780_6867}, takesHeapSnapshot=true, pageLoadStrategy=normal, databaseEnabled=false, handlesAlerts=true, hasTouchScreen=false, version=56.0.2924.87, platform=WIN8, browserConnectionEnabled=false, nativeEvents=true, acceptSslCerts=true, locationContextEnabled=true, webStorageEnabled=true, browserName=chrome, takesScreenshot=true, javascriptEnabled=true, cssSelectorsEnabled=true, unexpectedAlertBehaviour=}]\nSession ID: ae7fcd996e2ec88e90ea9e2b28b60abe\n*** Element info: {Using=xpath, value=.//*[@id='ui-id-1216']/div/p[1]/span[2]}",
          "subLogs": [],
          "duration": 20
        },
        {
          "commandName": "findElement",
          "args": [
            "{value=.//*[@id='ui-id-1216']/div/p[1]/span[2], using=xpath}"
          ],
          "result": "no such element: Unable to locate element: {\"method\":\"xpath\",\"selector\":\".//*[@id='ui-id-1216']/div/p[1]/span[2]\"}\n  (Session info: chrome=56.0.2924.87)\n  (Driver info: chromedriver=2.28.455520 (cc17746adff54984afff480136733114c6b3704b),platform=Windows NT 6.2.9200 x86_64) (WARNING: The server did not provide any stacktrace information)\nCommand duration or timeout: 17 milliseconds\nFor documentation on this error, please visit: http://seleniumhq.org/exceptions/no_such_element.html\nBuild info: version: '2.53.1', revision: 'a36b8b1cd5757287168e54b817830adce9b0158d', time: '2016-06-30 19:26:09'\nSystem info: host: 'ICPL11465', ip: '10.11.31.36', os.name: 'Windows 8', os.arch: 'amd64', os.version: '6.2', java.version: '1.8.0_121'\nDriver info: com.qmetry.qaf.automation.ui.webdriver.QAFExtendedWebDriver\nCapabilities [{applicationCacheEnabled=false, rotatable=false, mobileEmulationEnabled=false, networkConnectionEnabled=false, chrome={chromedriverVersion=2.28.455520 (cc17746adff54984afff480136733114c6b3704b), userDataDir=C:\\Users\\SATISH~1.GAR\\AppData\\Local\\Temp\\scoped_dir4780_6867}, takesHeapSnapshot=true, pageLoadStrategy=normal, databaseEnabled=false, handlesAlerts=true, hasTouchScreen=false, version=56.0.2924.87, platform=WIN8, browserConnectionEnabled=false, nativeEvents=true, acceptSslCerts=true, locationContextEnabled=true, webStorageEnabled=true, browserName=chrome, takesScreenshot=true, javascriptEnabled=true, cssSelectorsEnabled=true, unexpectedAlertBehaviour=}]\nSession ID: ae7fcd996e2ec88e90ea9e2b28b60abe\n*** Element info: {Using=xpath, value=.//*[@id='ui-id-1216']/div/p[1]/span[2]}",
          "subLogs": [],
          "duration": 17
        },
        {
          "commandName": "findElement",
          "args": [
            "{value=.//*[@id='ui-id-1216']/div/p[1]/span[2], using=xpath}"
          ],
          "result": "no such element: Unable to locate element: {\"method\":\"xpath\",\"selector\":\".//*[@id='ui-id-1216']/div/p[1]/span[2]\"}\n  (Session info: chrome=56.0.2924.87)\n  (Driver info: chromedriver=2.28.455520 (cc17746adff54984afff480136733114c6b3704b),platform=Windows NT 6.2.9200 x86_64) (WARNING: The server did not provide any stacktrace information)\nCommand duration or timeout: 16 milliseconds\nFor documentation on this error, please visit: http://seleniumhq.org/exceptions/no_such_element.html\nBuild info: version: '2.53.1', revision: 'a36b8b1cd5757287168e54b817830adce9b0158d', time: '2016-06-30 19:26:09'\nSystem info: host: 'ICPL11465', ip: '10.11.31.36', os.name: 'Windows 8', os.arch: 'amd64', os.version: '6.2', java.version: '1.8.0_121'\nDriver info: com.qmetry.qaf.automation.ui.webdriver.QAFExtendedWebDriver\nCapabilities [{applicationCacheEnabled=false, rotatable=false, mobileEmulationEnabled=false, networkConnectionEnabled=false, chrome={chromedriverVersion=2.28.455520 (cc17746adff54984afff480136733114c6b3704b), userDataDir=C:\\Users\\SATISH~1.GAR\\AppData\\Local\\Temp\\scoped_dir4780_6867}, takesHeapSnapshot=true, pageLoadStrategy=normal, databaseEnabled=false, handlesAlerts=true, hasTouchScreen=false, version=56.0.2924.87, platform=WIN8, browserConnectionEnabled=false, nativeEvents=true, acceptSslCerts=true, locationContextEnabled=true, webStorageEnabled=true, browserName=chrome, takesScreenshot=true, javascriptEnabled=true, cssSelectorsEnabled=true, unexpectedAlertBehaviour=}]\nSession ID: ae7fcd996e2ec88e90ea9e2b28b60abe\n*** Element info: {Using=xpath, value=.//*[@id='ui-id-1216']/div/p[1]/span[2]}",
          "subLogs": [],
          "duration": 16
        },
        {
          "commandName": "findElement",
          "args": [
            "{value=.//*[@id='ui-id-1216']/div/p[1]/span[2], using=xpath}"
          ],
          "result": "no such element: Unable to locate element: {\"method\":\"xpath\",\"selector\":\".//*[@id='ui-id-1216']/div/p[1]/span[2]\"}\n  (Session info: chrome=56.0.2924.87)\n  (Driver info: chromedriver=2.28.455520 (cc17746adff54984afff480136733114c6b3704b),platform=Windows NT 6.2.9200 x86_64) (WARNING: The server did not provide any stacktrace information)\nCommand duration or timeout: 17 milliseconds\nFor documentation on this error, please visit: http://seleniumhq.org/exceptions/no_such_element.html\nBuild info: version: '2.53.1', revision: 'a36b8b1cd5757287168e54b817830adce9b0158d', time: '2016-06-30 19:26:09'\nSystem info: host: 'ICPL11465', ip: '10.11.31.36', os.name: 'Windows 8', os.arch: 'amd64', os.version: '6.2', java.version: '1.8.0_121'\nDriver info: com.qmetry.qaf.automation.ui.webdriver.QAFExtendedWebDriver\nCapabilities [{applicationCacheEnabled=false, rotatable=false, mobileEmulationEnabled=false, networkConnectionEnabled=false, chrome={chromedriverVersion=2.28.455520 (cc17746adff54984afff480136733114c6b3704b), userDataDir=C:\\Users\\SATISH~1.GAR\\AppData\\Local\\Temp\\scoped_dir4780_6867}, takesHeapSnapshot=true, pageLoadStrategy=normal, databaseEnabled=false, handlesAlerts=true, hasTouchScreen=false, version=56.0.2924.87, platform=WIN8, browserConnectionEnabled=false, nativeEvents=true, acceptSslCerts=true, locationContextEnabled=true, webStorageEnabled=true, browserName=chrome, takesScreenshot=true, javascriptEnabled=true, cssSelectorsEnabled=true, unexpectedAlertBehaviour=}]\nSession ID: ae7fcd996e2ec88e90ea9e2b28b60abe\n*** Element info: {Using=xpath, value=.//*[@id='ui-id-1216']/div/p[1]/span[2]}",
          "subLogs": [],
          "duration": 17
        },
        {
          "commandName": "sendKeysToElement",
          "args": [
            "By.xpath: .//*[@id='ui-id-1216']/div/p[1]/span[2]",
            "{\"id\":\"-1\",\"value\":[\"Bangalore\"]}"
          ],
          "result": "Timed out after 30 seconds waiting for presence of element located by: By.xpath: .//*[@id='ui-id-1216']/div/p[1]/span[2]\nBuild info: version: '2.53.1', revision: 'a36b8b1cd5757287168e54b817830adce9b0158d', time: '2016-06-30 19:26:09'\nSystem info: host: 'ICPL11465', ip: '10.11.31.36', os.name: 'Windows 8', os.arch: 'amd64', os.version: '6.2', java.version: '1.8.0_121'\nDriver info: driver.version: QAFExtendedWebDriver",
          "subLogs": [],
          "duration": 257503368
        }
      ],
      "duration": -1
    }
  ],
  "checkPoints": [
    {
      "message": "Given Launch the mmt homepage",
      "type": "TestStepPass",
      "duration": 9549,
      "threshold": 0,
      "subCheckPoints": []
    },
    {
      "message": "Then click on Fromcity field",
      "type": "TestStepPass",
      "duration": 274,
      "threshold": 0,
      "subCheckPoints": []
    },
    {
      "message": "Then Select fromcity",
      "type": "TestStepPass",
      "duration": 222,
      "threshold": 0,
      "subCheckPoints": []
    },
    {
      "message": "Then Enter to city",
      "type": "TestStepFail",
      "screenshot": "test-results/27_Mar_2017_04_08_PM/img/Book a flight_16o6hs6jzh3xa45859.png",
      "duration": 30963,
      "threshold": 0,
      "subCheckPoints": [
        {
          "message": "Timed out after 30 seconds waiting for presence of element located by: By.xpath: .//*[@id='ui-id-1216']/div/p[1]/span[2]\nBuild info: version: '2.53.1', revision: 'a36b8b1cd5757287168e54b817830adce9b0158d', time: '2016-06-30 19:26:09'\nSystem info: host: 'ICPL11465', ip: '10.11.31.36', os.name: 'Windows 8', os.arch: 'amd64', os.version: '6.2', java.version: '1.8.0_121'\nDriver info: driver.version: QAFExtendedWebDriver",
          "type": "Fail",
          "duration": 0,
          "threshold": 0,
          "subCheckPoints": []
        }
      ]
    }
  ],
  "errorTrace": "org.openqa.selenium.TimeoutException: Timed out after 30 seconds waiting for presence of element located by: By.xpath: .//*[@id='ui-id-1216']/div/p[1]/span[2]\nBuild info: version: '2.53.1', revision: 'a36b8b1cd5757287168e54b817830adce9b0158d', time: '2016-06-30 19:26:09'\nSystem info: host: 'ICPL11465', ip: '10.11.31.36', os.name: 'Windows 8', os.arch: 'amd64', os.version: '6.2', java.version: '1.8.0_121'\nDriver info: driver.version: QAFExtendedWebDriver\r\n\tat .Then Enter to city(scenarios/Mmt.bdd:9)\r\n\tat org.openqa.selenium.support.ui.FluentWait.timeoutException(FluentWait.java:292)\r\n\tat org.openqa.selenium.support.ui.FluentWait.until(FluentWait.java:261)\r\n\tat com.qmetry.qaf.automation.ui.webdriver.QAFExtendedWebDriver.load(QAFExtendedWebDriver.java:203)\r\n\tat com.qmetry.qaf.automation.ui.webdriver.QAFExtendedWebElement.load(QAFExtendedWebElement.java:253)\r\n\tat com.qmetry.qaf.automation.ui.webdriver.QAFExtendedWebElement.execute(QAFExtendedWebElement.java:208)\r\n\tat org.openqa.selenium.remote.RemoteWebElement.sendKeys(RemoteWebElement.java:122)\r\n\tat com.makemytrip.steps.Clickonwebelement.selecttocity_aroundBody6(Clickonwebelement.java:40)\r\n\tat com.qmetry.qaf.automation.step.JavaStepReporter.javaTestStep(JavaStepReporter.java:89)\r\n\tat com.makemytrip.steps.Clickonwebelement.selecttocity(Clickonwebelement.java:39)\r\n\tat com.qmetry.qaf.automation.step.JavaStep.doExecute(JavaStep.java:129)\r\n\tat com.qmetry.qaf.automation.step.BaseTestStep.execute(BaseTestStep.java:148)\r\n\tat com.qmetry.qaf.automation.step.StringTestStep.execute(StringTestStep.java:109)\r\n\tat com.qmetry.qaf.automation.step.client.Scenario.execute(Scenario.java:151)\r\n\tat com.qmetry.qaf.automation.step.client.Scenario.scenario(Scenario.java:199)\r\nCaused by: org.openqa.selenium.NoSuchElementException: no such element: Unable to locate element: {\"method\":\"xpath\",\"selector\":\".//*[@id='ui-id-1216']/div/p[1]/span[2]\"}\n  (Session info: chrome=56.0.2924.87)\n  (Driver info: chromedriver=2.28.455520 (cc17746adff54984afff480136733114c6b3704b),platform=Windows NT 6.2.9200 x86_64) (WARNING: The server did not provide any stacktrace information)\nCommand duration or timeout: 17 milliseconds\nFor documentation on this error, please visit: http://seleniumhq.org/exceptions/no_such_element.html\nBuild info: version: '2.53.1', revision: 'a36b8b1cd5757287168e54b817830adce9b0158d', time: '2016-06-30 19:26:09'\nSystem info: host: 'ICPL11465', ip: '10.11.31.36', os.name: 'Windows 8', os.arch: 'amd64', os.version: '6.2', java.version: '1.8.0_121'\nDriver info: com.qmetry.qaf.automation.ui.webdriver.QAFExtendedWebDriver\nCapabilities [{applicationCacheEnabled=false, rotatable=false, mobileEmulationEnabled=false, networkConnectionEnabled=false, chrome={chromedriverVersion=2.28.455520 (cc17746adff54984afff480136733114c6b3704b), userDataDir=C:\\Users\\SATISH~1.GAR\\AppData\\Local\\Temp\\scoped_dir4780_6867}, takesHeapSnapshot=true, pageLoadStrategy=normal, databaseEnabled=false, handlesAlerts=true, hasTouchScreen=false, version=56.0.2924.87, platform=WIN8, browserConnectionEnabled=false, nativeEvents=true, acceptSslCerts=true, locationContextEnabled=true, webStorageEnabled=true, browserName=chrome, takesScreenshot=true, javascriptEnabled=true, cssSelectorsEnabled=true, unexpectedAlertBehaviour=}]\nSession ID: ae7fcd996e2ec88e90ea9e2b28b60abe\n*** Element info: {Using=xpath, value=.//*[@id='ui-id-1216']/div/p[1]/span[2]}\r\n\tat sun.reflect.GeneratedConstructorAccessor14.newInstance(Unknown Source)\r\n\tat sun.reflect.DelegatingConstructorAccessorImpl.newInstance(Unknown Source)\r\n\tat java.lang.reflect.Constructor.newInstance(Unknown Source)\r\n\tat org.openqa.selenium.remote.ErrorHandler.createThrowable(ErrorHandler.java:206)\r\n\tat org.openqa.selenium.remote.ErrorHandler.throwIfResponseFailed(ErrorHandler.java:158)\r\n\tat org.openqa.selenium.remote.RemoteWebDriver.execute(RemoteWebDriver.java:678)\r\n\tat com.qmetry.qaf.automation.ui.webdriver.QAFExtendedWebDriver.execute(QAFExtendedWebDriver.java:223)\r\n\tat org.openqa.selenium.remote.RemoteWebDriver.findElement(RemoteWebDriver.java:363)\r\n\tat org.openqa.selenium.remote.RemoteWebDriver.findElementByXPath(RemoteWebDriver.java:500)\r\n\tat com.qmetry.qaf.automation.ui.webdriver.QAFExtendedWebDriver.findElementByXPath(QAFExtendedWebDriver.java:381)\r\n\tat com.qmetry.qaf.automation.ui.webdriver.QAFExtendedWebDriver.findElementByXPath(QAFExtendedWebDriver.java:1)\r\n\tat org.openqa.selenium.By$ByXPath.findElement(By.java:361)\r\n\tat org.openqa.selenium.remote.RemoteWebDriver.findElement(RemoteWebDriver.java:355)\r\n\tat com.qmetry.qaf.automation.ui.webdriver.QAFExtendedWebDriver.findElement(QAFExtendedWebDriver.java:158)\r\n\tat com.qmetry.qaf.automation.ui.webdriver.QAFExtendedWebDriver.findElement(QAFExtendedWebDriver.java:1)\r\n\tat org.openqa.selenium.support.ui.ExpectedConditions.findElement(ExpectedConditions.java:899)\r\n\tat org.openqa.selenium.support.ui.ExpectedConditions.access$000(ExpectedConditions.java:41)\r\n\tat org.openqa.selenium.support.ui.ExpectedConditions$6.apply(ExpectedConditions.java:181)\r\n\tat org.openqa.selenium.support.ui.ExpectedConditions$6.apply(ExpectedConditions.java:178)\r\n\tat org.openqa.selenium.support.ui.FluentWait.until(FluentWait.java:238)\r\n\tat com.qmetry.qaf.automation.ui.webdriver.QAFExtendedWebDriver.load(QAFExtendedWebDriver.java:203)\r\n\tat com.qmetry.qaf.automation.ui.webdriver.QAFExtendedWebElement.load(QAFExtendedWebElement.java:253)\r\n\tat com.qmetry.qaf.automation.ui.webdriver.QAFExtendedWebElement.execute(QAFExtendedWebElement.java:208)\r\n\tat org.openqa.selenium.remote.RemoteWebElement.sendKeys(RemoteWebElement.java:122)\r\n\tat com.makemytrip.steps.Clickonwebelement.selecttocity_aroundBody6(Clickonwebelement.java:40)\r\n\tat com.makemytrip.steps.Clickonwebelement$AjcClosure7.run(Clickonwebelement.java:1)\r\n\tat org.aspectj.runtime.reflect.JoinPointImpl.proceed(JoinPointImpl.java:149)\r\n\tat com.qmetry.qaf.automation.step.JavaStepReporter.javaTestStep(JavaStepReporter.java:89)\r\n\tat com.makemytrip.steps.Clickonwebelement.selecttocity(Clickonwebelement.java:39)\r\n\tat sun.reflect.NativeMethodAccessorImpl.invoke0(Native Method)\r\n\tat sun.reflect.NativeMethodAccessorImpl.invoke(Unknown Source)\r\n\tat sun.reflect.DelegatingMethodAccessorImpl.invoke(Unknown Source)\r\n\tat java.lang.reflect.Method.invoke(Unknown Source)\r\n\tat com.qmetry.qaf.automation.step.JavaStep.doExecute(JavaStep.java:129)\r\n\tat com.qmetry.qaf.automation.step.BaseTestStep.execute(BaseTestStep.java:148)\r\n\tat com.qmetry.qaf.automation.step.StringTestStep.execute(StringTestStep.java:109)\r\n\tat com.qmetry.qaf.automation.step.client.Scenario.execute(Scenario.java:151)\r\n\tat com.qmetry.qaf.automation.step.client.Scenario.scenario(Scenario.java:199)\r\n\tat sun.reflect.NativeMethodAccessorImpl.invoke0(Native Method)\r\n\tat sun.reflect.NativeMethodAccessorImpl.invoke(Unknown Source)\r\n\tat sun.reflect.DelegatingMethodAccessorImpl.invoke(Unknown Source)\r\n\tat java.lang.reflect.Method.invoke(Unknown Source)\r\n\tat org.testng.internal.MethodInvocationHelper.invokeMethod(MethodInvocationHelper.java:84)\r\n\tat org.testng.internal.Invoker.invokeMethod(Invoker.java:714)\r\n\tat org.testng.internal.Invoker.invokeTestMethod(Invoker.java:901)\r\n\tat org.testng.internal.Invoker.invokeTestMethods(Invoker.java:1231)\r\n\tat org.testng.internal.TestMethodWorker.invokeTestMethods(TestMethodWorker.java:127)\r\n\tat org.testng.internal.TestMethodWorker.run(TestMethodWorker.java:111)\r\n\tat org.testng.TestRunner.privateRun(TestRunner.java:741)\r\n\tat org.testng.TestRunner.run(TestRunner.java:595)\r\n\tat org.testng.SuiteRunner.runTest(SuiteRunner.java:334)\r\n\tat org.testng.SuiteRunner.runSequentially(SuiteRunner.java:329)\r\n\tat org.testng.SuiteRunner.privateRun(SuiteRunner.java:291)\r\n\tat org.testng.SuiteRunner.run(SuiteRunner.java:240)\r\n\tat org.testng.SuiteRunnerWorker.runSuite(SuiteRunnerWorker.java:52)\r\n\tat org.testng.SuiteRunnerWorker.run(SuiteRunnerWorker.java:86)\r\n\tat org.testng.TestNG.runSuitesSequentially(TestNG.java:1224)\r\n\tat org.testng.TestNG.runSuitesLocally(TestNG.java:1149)\r\n\tat org.testng.TestNG.run(TestNG.java:1057)\r\n\tat org.testng.remote.RemoteTestNG.run(RemoteTestNG.java:111)\r\n\tat org.testng.remote.RemoteTestNG.initAndRun(RemoteTestNG.java:204)\r\n\tat org.testng.remote.RemoteTestNG.main(RemoteTestNG.java:175)\r\n"
}