11:39:20 scenario.file.loc[Ljava.lang.String;@646d64ab
11:39:20 loading BDD file: scenarios/Mmt.bdd
11:39:20 total test found: 1
11:39:20 

Executing scenario: Book a flight - Booking a flight
11:39:20 Invoking Teststep: Given Launch the mmt homepage
11:39:33 Completed Teststep: Given Launch the mmt homepage
11:39:33 Invoking Teststep: Then Select fromcity
11:39:34 Completed Teststep: Then Select fromcity
11:39:34 Invoking Teststep: Then Enter to city
11:39:34 Completed Teststep: Then Enter to city
11:39:34 Invoking Teststep: Then Click on search
11:39:37 Failure Teststep: Then Click on search
java.lang.AssertionError: expected [Flight Sea] but found [Flight Search]
	at org.testng.Assert.fail(Assert.java:94)
	at org.testng.Assert.failNotEquals(Assert.java:494)
	at org.testng.Assert.assertEquals(Assert.java:123)
	at org.testng.Assert.assertEquals(Assert.java:176)
	at org.testng.Assert.assertEquals(Assert.java:186)
	at com.makemytrip.steps.Clickonwebelement.Clickonsearch_aroundBody6(Clickonwebelement.java:47)
	at com.makemytrip.steps.Clickonwebelement$AjcClosure7.run(Clickonwebelement.java:1)
	at org.aspectj.runtime.reflect.JoinPointImpl.proceed(JoinPointImpl.java:149)
	at com.qmetry.qaf.automation.step.JavaStepReporter.javaTestStep(JavaStepReporter.java:89)
	at com.makemytrip.steps.Clickonwebelement.Clickonsearch(Clickonwebelement.java:45)
	at sun.reflect.NativeMethodAccessorImpl.invoke0(Native Method)
	at sun.reflect.NativeMethodAccessorImpl.invoke(Unknown Source)
	at sun.reflect.DelegatingMethodAccessorImpl.invoke(Unknown Source)
	at java.lang.reflect.Method.invoke(Unknown Source)
	at com.qmetry.qaf.automation.step.JavaStep.doExecute(JavaStep.java:129)
	at com.qmetry.qaf.automation.step.BaseTestStep.execute(BaseTestStep.java:148)
	at com.qmetry.qaf.automation.step.StringTestStep.execute(StringTestStep.java:109)
	at com.qmetry.qaf.automation.step.client.Scenario.execute(Scenario.java:151)
	at com.qmetry.qaf.automation.step.client.Scenario.scenario(Scenario.java:199)
	at sun.reflect.NativeMethodAccessorImpl.invoke0(Native Method)
	at sun.reflect.NativeMethodAccessorImpl.invoke(Unknown Source)
	at sun.reflect.DelegatingMethodAccessorImpl.invoke(Unknown Source)
	at java.lang.reflect.Method.invoke(Unknown Source)
	at org.testng.internal.MethodInvocationHelper.invokeMethod(MethodInvocationHelper.java:84)
	at org.testng.internal.Invoker.invokeMethod(Invoker.java:714)
	at org.testng.internal.Invoker.invokeTestMethod(Invoker.java:901)
	at org.testng.internal.Invoker.invokeTestMethods(Invoker.java:1231)
	at org.testng.internal.TestMethodWorker.invokeTestMethods(TestMethodWorker.java:127)
	at org.testng.internal.TestMethodWorker.run(TestMethodWorker.java:111)
	at org.testng.TestRunner.privateRun(TestRunner.java:741)
	at org.testng.TestRunner.run(TestRunner.java:595)
	at org.testng.SuiteRunner.runTest(SuiteRunner.java:334)
	at org.testng.SuiteRunner.runSequentially(SuiteRunner.java:329)
	at org.testng.SuiteRunner.privateRun(SuiteRunner.java:291)
	at org.testng.SuiteRunner.run(SuiteRunner.java:240)
	at org.testng.SuiteRunnerWorker.runSuite(SuiteRunnerWorker.java:52)
	at org.testng.SuiteRunnerWorker.run(SuiteRunnerWorker.java:86)
	at org.testng.TestNG.runSuitesSequentially(TestNG.java:1224)
	at org.testng.TestNG.runSuitesLocally(TestNG.java:1149)
	at org.testng.TestNG.run(TestNG.java:1057)
	at org.testng.remote.RemoteTestNG.run(RemoteTestNG.java:111)
	at org.testng.remote.RemoteTestNG.initAndRun(RemoteTestNG.java:204)
	at org.testng.remote.RemoteTestNG.main(RemoteTestNG.java:175)
11:39:37 Completed Teststep: Then Click on search
11:39:37 Competed scenario: Book a flight with status FAILURE
